p/image_180esp_98.jpg 1 0 0 640 480
p/image_esp_98.jpg 1 0 0 640 480
p/image_180_98.jpg 1 0 0 640 480
p/image98.jpg 1 0 0 640 480
p/image_180esp_97.jpg 1 0 0 640 480
p/image_esp_97.jpg 1 0 0 640 480
p/image_180_97.jpg 1 0 0 640 480
p/image97.jpg 1 0 0 640 480
p/image_180esp_96.jpg 1 0 0 640 480
p/image_esp_96.jpg 1 0 0 640 480
p/image_180_96.jpg 1 0 0 640 480
p/image96.jpg 1 0 0 640 480
p/image_180esp_95.jpg 1 0 0 640 480
p/image_esp_95.jpg 1 0 0 640 480
p/image_180_95.jpg 1 0 0 640 480
p/image95.jpg 1 0 0 640 480
p/image_180esp_94.jpg 1 0 0 640 480
p/image_esp_94.jpg 1 0 0 640 480
p/image_180_94.jpg 1 0 0 640 480
p/image94.jpg 1 0 0 640 480
p/image_180esp_93.jpg 1 0 0 640 480
p/image_esp_93.jpg 1 0 0 640 480
p/image_180_93.jpg 1 0 0 640 480
p/image93.jpg 1 0 0 640 480
p/image_180esp_92.jpg 1 0 0 640 480
p/image_esp_92.jpg 1 0 0 640 480
p/image_180_92.jpg 1 0 0 640 480
p/image92.jpg 1 0 0 640 480
p/image_180esp_91.jpg 1 0 0 640 480
p/image_esp_91.jpg 1 0 0 640 480
p/image_180_91.jpg 1 0 0 640 480
p/image91.jpg 1 0 0 640 480
p/image_180esp_90.jpg 1 0 0 640 480
p/image_esp_90.jpg 1 0 0 640 480
p/image_180_90.jpg 1 0 0 640 480
p/image90.jpg 1 0 0 640 480
p/image_180esp_89.jpg 1 0 0 640 480
p/image_esp_89.jpg 1 0 0 640 480
p/image_180_89.jpg 1 0 0 640 480
p/image89.jpg 1 0 0 640 480
p/image_180esp_88.jpg 1 0 0 640 480
p/image_esp_88.jpg 1 0 0 640 480
p/image_180_88.jpg 1 0 0 640 480
p/image88.jpg 1 0 0 640 480
p/image_180esp_87.jpg 1 0 0 640 480
p/image_esp_87.jpg 1 0 0 640 480
p/image_180_87.jpg 1 0 0 640 480
p/image87.jpg 1 0 0 640 480
p/image_180esp_86.jpg 1 0 0 640 480
p/image_esp_86.jpg 1 0 0 640 480
p/image_180_86.jpg 1 0 0 640 480
p/image86.jpg 1 0 0 640 480
p/image_180esp_85.jpg 1 0 0 640 480
p/image_esp_85.jpg 1 0 0 640 480
p/image_180_85.jpg 1 0 0 640 480
p/image85.jpg 1 0 0 640 480
p/image_180esp_84.jpg 1 0 0 640 480
p/image_esp_84.jpg 1 0 0 640 480
p/image_180_84.jpg 1 0 0 640 480
p/image84.jpg 1 0 0 640 480
p/image_180esp_83.jpg 1 0 0 640 480
p/image_esp_83.jpg 1 0 0 640 480
p/image_180_83.jpg 1 0 0 640 480
p/image83.jpg 1 0 0 640 480
p/image_180esp_82.jpg 1 0 0 640 480
p/image_esp_82.jpg 1 0 0 640 480
p/image_180_82.jpg 1 0 0 640 480
p/image82.jpg 1 0 0 640 480
p/image_180esp_81.jpg 1 0 0 640 480
p/image_esp_81.jpg 1 0 0 640 480
p/image_180_81.jpg 1 0 0 640 480
p/image81.jpg 1 0 0 640 480
p/image_180esp_80.jpg 1 0 0 640 480
p/image_esp_80.jpg 1 0 0 640 480
p/image_180_80.jpg 1 0 0 640 480
p/image80.jpg 1 0 0 640 480
p/image_180esp_79.jpg 1 0 0 640 480
p/image_esp_79.jpg 1 0 0 640 480
p/image_180_79.jpg 1 0 0 640 480
p/image79.jpg 1 0 0 640 480
p/image_180esp_78.jpg 1 0 0 640 480
p/image_esp_78.jpg 1 0 0 640 480
p/image_180_78.jpg 1 0 0 640 480
p/image78.jpg 1 0 0 640 480
p/image_180esp_77.jpg 1 0 0 640 480
p/image_esp_77.jpg 1 0 0 640 480
p/image_180_77.jpg 1 0 0 640 480
p/image77.jpg 1 0 0 640 480
p/image_180esp_76.jpg 1 0 0 640 480
p/image_esp_76.jpg 1 0 0 640 480
p/image_180_76.jpg 1 0 0 640 480
p/image76.jpg 1 0 0 640 480
p/image_180esp_75.jpg 1 0 0 640 480
p/image_esp_75.jpg 1 0 0 640 480
p/image_180_75.jpg 1 0 0 640 480
p/image75.jpg 1 0 0 640 480
p/image_180esp_74.jpg 1 0 0 640 480
p/image_esp_74.jpg 1 0 0 640 480
p/image_180_74.jpg 1 0 0 640 480
p/image74.jpg 1 0 0 640 480
p/image_180esp_73.jpg 1 0 0 640 480
p/image_esp_73.jpg 1 0 0 640 480
p/image_180_73.jpg 1 0 0 640 480
p/image73.jpg 1 0 0 640 480
p/image_180esp_72.jpg 1 0 0 640 480
p/image_esp_72.jpg 1 0 0 640 480
p/image_180_72.jpg 1 0 0 640 480
p/image72.jpg 1 0 0 640 480
p/image_180esp_71.jpg 1 0 0 640 480
p/image_esp_71.jpg 1 0 0 640 480
p/image_180_71.jpg 1 0 0 640 480
p/image71.jpg 1 0 0 640 480
p/image_180esp_70.jpg 1 0 0 640 480
p/image_esp_70.jpg 1 0 0 640 480
p/image_180_70.jpg 1 0 0 640 480
p/image70.jpg 1 0 0 640 480
p/image_180esp_69.jpg 1 0 0 640 480
p/image_esp_69.jpg 1 0 0 640 480
p/image_180_69.jpg 1 0 0 640 480
p/image69.jpg 1 0 0 640 480
p/image_180esp_68.jpg 1 0 0 640 480
p/image_esp_68.jpg 1 0 0 640 480
p/image_180_68.jpg 1 0 0 640 480
p/image68.jpg 1 0 0 640 480
p/image_180esp_67.jpg 1 0 0 640 480
p/image_esp_67.jpg 1 0 0 640 480
p/image_180_67.jpg 1 0 0 640 480
p/image67.jpg 1 0 0 640 480
p/image_180esp_66.jpg 1 0 0 640 480
p/image_esp_66.jpg 1 0 0 640 480
p/image_180_66.jpg 1 0 0 640 480
p/image66.jpg 1 0 0 640 480
p/image_180esp_65.jpg 1 0 0 640 480
p/image_esp_65.jpg 1 0 0 640 480
p/image_180_65.jpg 1 0 0 640 480
p/image65.jpg 1 0 0 640 480
p/image_180esp_64.jpg 1 0 0 640 480
p/image_esp_64.jpg 1 0 0 640 480
p/image_180_64.jpg 1 0 0 640 480
p/image64.jpg 1 0 0 640 480
p/image_180esp_63.jpg 1 0 0 640 480
p/image_esp_63.jpg 1 0 0 640 480
p/image_180_63.jpg 1 0 0 640 480
p/image63.jpg 1 0 0 640 480
p/image_180esp_62.jpg 1 0 0 640 480
p/image_esp_62.jpg 1 0 0 640 480
p/image_180_62.jpg 1 0 0 640 480
p/image62.jpg 1 0 0 640 480
p/image_180esp_61.jpg 1 0 0 640 480
p/image_esp_61.jpg 1 0 0 640 480
p/image_180_61.jpg 1 0 0 640 480
p/image61.jpg 1 0 0 640 480
p/image_180esp_60.jpg 1 0 0 640 480
p/image_esp_60.jpg 1 0 0 640 480
p/image_180_60.jpg 1 0 0 640 480
p/image60.jpg 1 0 0 640 480
p/image_180esp_59.jpg 1 0 0 640 480
p/image_esp_59.jpg 1 0 0 640 480
p/image_180_59.jpg 1 0 0 640 480
p/image59.jpg 1 0 0 640 480
p/image_180esp_58.jpg 1 0 0 640 480
p/image_esp_58.jpg 1 0 0 640 480
p/image_180_58.jpg 1 0 0 640 480
p/image58.jpg 1 0 0 640 480
p/image_180esp_57.jpg 1 0 0 640 480
p/image_esp_57.jpg 1 0 0 640 480
p/image_180_57.jpg 1 0 0 640 480
p/image57.jpg 1 0 0 640 480
p/image_180esp_56.jpg 1 0 0 640 480
p/image_esp_56.jpg 1 0 0 640 480
p/image_180_56.jpg 1 0 0 640 480
p/image56.jpg 1 0 0 640 480
p/image_180esp_55.jpg 1 0 0 640 480
p/image_esp_55.jpg 1 0 0 640 480
p/image_180_55.jpg 1 0 0 640 480
p/image55.jpg 1 0 0 640 480
p/image_180esp_54.jpg 1 0 0 640 480
p/image_esp_54.jpg 1 0 0 640 480
p/image_180_54.jpg 1 0 0 640 480
p/image54.jpg 1 0 0 640 480
p/image_180esp_53.jpg 1 0 0 640 480
p/image_esp_53.jpg 1 0 0 640 480
p/image_180_53.jpg 1 0 0 640 480
p/image53.jpg 1 0 0 640 480
p/image_180esp_52.jpg 1 0 0 640 480
p/image_esp_52.jpg 1 0 0 640 480
p/image_180_52.jpg 1 0 0 640 480
p/image52.jpg 1 0 0 640 480
p/image_180esp_51.jpg 1 0 0 640 480
p/image_esp_51.jpg 1 0 0 640 480
p/image_180_51.jpg 1 0 0 640 480
p/image51.jpg 1 0 0 640 480
p/image_180esp_50.jpg 1 0 0 640 480
p/image_esp_50.jpg 1 0 0 640 480
p/image_180_50.jpg 1 0 0 640 480
p/image50.jpg 1 0 0 640 480
p/image_180esp_49.jpg 1 0 0 640 480
p/image_esp_49.jpg 1 0 0 640 480
p/image_180_49.jpg 1 0 0 640 480
p/image49.jpg 1 0 0 640 480
p/image_180esp_48.jpg 1 0 0 640 480
p/image_esp_48.jpg 1 0 0 640 480
p/image_180_48.jpg 1 0 0 640 480
p/image48.jpg 1 0 0 640 480
p/image_180esp_47.jpg 1 0 0 640 480
p/image_esp_47.jpg 1 0 0 640 480
p/image_180_47.jpg 1 0 0 640 480
p/image47.jpg 1 0 0 640 480
p/image_180esp_46.jpg 1 0 0 640 480
p/image_esp_46.jpg 1 0 0 640 480
p/image_180_46.jpg 1 0 0 640 480
p/image46.jpg 1 0 0 640 480
p/image_180esp_45.jpg 1 0 0 640 480
p/image_esp_45.jpg 1 0 0 640 480
p/image_180_45.jpg 1 0 0 640 480
p/image45.jpg 1 0 0 640 480
p/image_180esp_44.jpg 1 0 0 640 480
p/image_esp_44.jpg 1 0 0 640 480
p/image_180_44.jpg 1 0 0 640 480
p/image44.jpg 1 0 0 640 480
p/image_180esp_43.jpg 1 0 0 640 480
p/image_esp_43.jpg 1 0 0 640 480
p/image_180_43.jpg 1 0 0 640 480
p/image43.jpg 1 0 0 640 480
p/image_180esp_42.jpg 1 0 0 640 480
p/image_esp_42.jpg 1 0 0 640 480
p/image_180_42.jpg 1 0 0 640 480
p/image42.jpg 1 0 0 640 480
p/image_180esp_41.jpg 1 0 0 640 480
p/image_esp_41.jpg 1 0 0 640 480
p/image_180_41.jpg 1 0 0 640 480
p/image41.jpg 1 0 0 640 480
p/image_180esp_40.jpg 1 0 0 640 480
p/image_esp_40.jpg 1 0 0 640 480
p/image_180_40.jpg 1 0 0 640 480
p/image40.jpg 1 0 0 640 480
p/image_180esp_39.jpg 1 0 0 640 480
p/image_esp_39.jpg 1 0 0 640 480
p/image_180_39.jpg 1 0 0 640 480
p/image39.jpg 1 0 0 640 480
p/image_180esp_38.jpg 1 0 0 640 480
p/image_esp_38.jpg 1 0 0 640 480
p/image_180_38.jpg 1 0 0 640 480
p/image38.jpg 1 0 0 640 480
p/image_180esp_37.jpg 1 0 0 640 480
p/image_esp_37.jpg 1 0 0 640 480
p/image_180_37.jpg 1 0 0 640 480
p/image37.jpg 1 0 0 640 480
p/image_180esp_36.jpg 1 0 0 640 480
p/image_esp_36.jpg 1 0 0 640 480
p/image_180_36.jpg 1 0 0 640 480
p/image36.jpg 1 0 0 640 480
p/image_180esp_35.jpg 1 0 0 640 480
p/image_esp_35.jpg 1 0 0 640 480
p/image_180_35.jpg 1 0 0 640 480
p/image35.jpg 1 0 0 640 480
p/image_180esp_34.jpg 1 0 0 640 480
p/image_esp_34.jpg 1 0 0 640 480
p/image_180_34.jpg 1 0 0 640 480
p/image34.jpg 1 0 0 640 480
p/image_180esp_33.jpg 1 0 0 640 480
p/image_esp_33.jpg 1 0 0 640 480
p/image_180_33.jpg 1 0 0 640 480
p/image33.jpg 1 0 0 640 480
p/image_180esp_32.jpg 1 0 0 640 480
p/image_esp_32.jpg 1 0 0 640 480
p/image_180_32.jpg 1 0 0 640 480
p/image32.jpg 1 0 0 640 480
p/image_180esp_31.jpg 1 0 0 640 480
p/image_esp_31.jpg 1 0 0 640 480
p/image_180_31.jpg 1 0 0 640 480
p/image31.jpg 1 0 0 640 480
p/image_180esp_30.jpg 1 0 0 640 480
p/image_esp_30.jpg 1 0 0 640 480
p/image_180_30.jpg 1 0 0 640 480
p/image30.jpg 1 0 0 640 480
p/image_180esp_29.jpg 1 0 0 640 480
p/image_esp_29.jpg 1 0 0 640 480
p/image_180_29.jpg 1 0 0 640 480
p/image29.jpg 1 0 0 640 480
p/image_180esp_28.jpg 1 0 0 640 480
p/image_esp_28.jpg 1 0 0 640 480
p/image_180_28.jpg 1 0 0 640 480
p/image28.jpg 1 0 0 640 480
p/image_180esp_27.jpg 1 0 0 640 480
p/image_esp_27.jpg 1 0 0 640 480
p/image_180_27.jpg 1 0 0 640 480
p/image27.jpg 1 0 0 640 480
p/image_180esp_26.jpg 1 0 0 640 480
p/image_esp_26.jpg 1 0 0 640 480
p/image_180_26.jpg 1 0 0 640 480
p/image26.jpg 1 0 0 640 480
p/image_180esp_25.jpg 1 0 0 640 480
p/image_esp_25.jpg 1 0 0 640 480
p/image_180_25.jpg 1 0 0 640 480
p/image25.jpg 1 0 0 640 480
p/image_180esp_24.jpg 1 0 0 640 480
p/image_esp_24.jpg 1 0 0 640 480
p/image_180_24.jpg 1 0 0 640 480
p/image24.jpg 1 0 0 640 480
p/image_180esp_23.jpg 1 0 0 640 480
p/image_esp_23.jpg 1 0 0 640 480
p/image_180_23.jpg 1 0 0 640 480
p/image23.jpg 1 0 0 640 480
p/image_180esp_22.jpg 1 0 0 640 480
p/image_esp_22.jpg 1 0 0 640 480
p/image_180_22.jpg 1 0 0 640 480
p/image22.jpg 1 0 0 640 480
p/image_180esp_21.jpg 1 0 0 640 480
p/image_esp_21.jpg 1 0 0 640 480
p/image_180_21.jpg 1 0 0 640 480
p/image21.jpg 1 0 0 640 480
p/image_180esp_20.jpg 1 0 0 640 480
p/image_esp_20.jpg 1 0 0 640 480
p/image_180_20.jpg 1 0 0 640 480
p/image20.jpg 1 0 0 640 480
p/image_180esp_19.jpg 1 0 0 640 480
p/image_esp_19.jpg 1 0 0 640 480
p/image_180_19.jpg 1 0 0 640 480
p/image19.jpg 1 0 0 640 480
p/image_180esp_18.jpg 1 0 0 640 480
p/image_esp_18.jpg 1 0 0 640 480
p/image_180_18.jpg 1 0 0 640 480
p/image18.jpg 1 0 0 640 480
p/image_180esp_17.jpg 1 0 0 640 480
p/image_esp_17.jpg 1 0 0 640 480
p/image_180_17.jpg 1 0 0 640 480
p/image17.jpg 1 0 0 640 480
p/image_180esp_16.jpg 1 0 0 640 480
p/image_esp_16.jpg 1 0 0 640 480
p/image_180_16.jpg 1 0 0 640 480
p/image16.jpg 1 0 0 640 480
p/image_180esp_15.jpg 1 0 0 640 480
p/image_esp_15.jpg 1 0 0 640 480
p/image_180_15.jpg 1 0 0 640 480
p/image15.jpg 1 0 0 640 480
p/image_180esp_14.jpg 1 0 0 640 480
p/image_esp_14.jpg 1 0 0 640 480
p/image_180_14.jpg 1 0 0 640 480
p/image14.jpg 1 0 0 640 480
p/image_180esp_13.jpg 1 0 0 640 480
p/image_esp_13.jpg 1 0 0 640 480
p/image_180_13.jpg 1 0 0 640 480
p/image13.jpg 1 0 0 640 480
p/image_180esp_12.jpg 1 0 0 640 480
p/image_esp_12.jpg 1 0 0 640 480
p/image_180_12.jpg 1 0 0 640 480
p/image12.jpg 1 0 0 640 480
p/image_180esp_11.jpg 1 0 0 640 480
p/image_esp_11.jpg 1 0 0 640 480
p/image_180_11.jpg 1 0 0 640 480
p/image11.jpg 1 0 0 640 480
p/image_180esp_10.jpg 1 0 0 640 480
p/image_esp_10.jpg 1 0 0 640 480
p/image_180_10.jpg 1 0 0 640 480
p/image10.jpg 1 0 0 640 480
p/image_180esp_9.jpg 1 0 0 640 480
p/image_esp_9.jpg 1 0 0 640 480
p/image_180_9.jpg 1 0 0 640 480
p/image9.jpg 1 0 0 640 480
p/image_180esp_8.jpg 1 0 0 640 480
p/image_esp_8.jpg 1 0 0 640 480
p/image_180_8.jpg 1 0 0 640 480
p/image8.jpg 1 0 0 640 480
p/image_180esp_7.jpg 1 0 0 640 480
p/image_esp_7.jpg 1 0 0 640 480
p/image_180_7.jpg 1 0 0 640 480
p/image7.jpg 1 0 0 640 480
p/image_180esp_6.jpg 1 0 0 640 480
p/image_esp_6.jpg 1 0 0 640 480
p/image_180_6.jpg 1 0 0 640 480
p/image6.jpg 1 0 0 640 480
p/image_180esp_5.jpg 1 0 0 640 480
p/image_esp_5.jpg 1 0 0 640 480
p/image_180_5.jpg 1 0 0 640 480
p/image5.jpg 1 0 0 640 480
p/image_180esp_4.jpg 1 0 0 640 480
p/image_esp_4.jpg 1 0 0 640 480
p/image_180_4.jpg 1 0 0 640 480
p/image4.jpg 1 0 0 640 480
p/image_180esp_3.jpg 1 0 0 640 480
p/image_esp_3.jpg 1 0 0 640 480
p/image_180_3.jpg 1 0 0 640 480
p/image3.jpg 1 0 0 640 480
p/image_180esp_2.jpg 1 0 0 640 480
p/image_esp_2.jpg 1 0 0 640 480
p/image_180_2.jpg 1 0 0 640 480
p/image2.jpg 1 0 0 640 480
p/image_180esp_1.jpg 1 0 0 640 480
p/image_esp_1.jpg 1 0 0 640 480
p/image_180_1.jpg 1 0 0 640 480
p/image1.jpg 1 0 0 640 480
p/image_180esp_0.jpg 1 0 0 640 480
p/image_esp_0.jpg 1 0 0 640 480
p/image_180_0.jpg 1 0 0 640 480
p/image0.jpg 1 0 0 640 480